#
# There is insufficient memory for the Java Runtime Environment to continue.
# Native memory allocation (malloc) failed to allocate 1048576 bytes for AllocateHeap
# Possible reasons:
#   The system is out of physical RAM or swap space
#   The process is running with CompressedOops enabled, and the Java Heap may be blocking the growth of the native heap
# Possible solutions:
#   Reduce memory load on the system
#   Increase physical memory or swap space
#   Check if swap backing store is full
#   Decrease Java heap size (-Xmx/-Xms)
#   Decrease number of Java threads
#   Decrease Java thread stack sizes (-Xss)
#   Set larger code cache with -XX:ReservedCodeCacheSize=
#   JVM is running with Zero Based Compressed Oops mode in which the Java heap is
#     placed in the first 32GB address space. The Java Heap base address is the
#     maximum limit for the native heap growth. Please use -XX:HeapBaseMinAddress
#     to set the Java Heap base and to place the Java Heap above 32GB virtual address.
# This output file may be truncated or incomplete.
#
#  Out of Memory Error (memory/allocation.inline.hpp:61), pid=19648, tid=0x0000000000002508
#
# JRE version:  (8.0_322-b06) (build )
# Java VM: OpenJDK 64-Bit Server VM (25.322-b06 mixed mode windows-amd64 compressed oops)
# Failed to write core dump. Minidumps are not enabled by default on client versions of Windows
#

---------------  T H R E A D  ---------------

Current thread (0x0000028f47af0000):  JavaThread "Unknown thread" [_thread_in_vm, id=9480, stack(0x000000e4c9700000,0x000000e4c9800000)]

Stack: [0x000000e4c9700000,0x000000e4c9800000]
[error occurred during error reporting (printing stack bounds), id 0xc0000005]

Native frames: (J=compiled Java code, j=interpreted, Vv=VM code, C=native code)


---------------  P R O C E S S  ---------------

Java Threads: ( => current thread )

Other Threads:

=>0x0000028f47af0000 (exited) JavaThread "Unknown thread" [_thread_in_vm, id=9480, stack(0x000000e4c9700000,0x000000e4c9800000)]

VM state:not at safepoint (normal execution)

VM Mutex/Monitor currently owned by a thread: None

heap address: 0x00000006c3000000, size: 4048 MB, Compressed Oops mode: Zero based, Oop shift amount: 3
Narrow klass base: 0x0000000000000000, Narrow klass shift: 3
Compressed class space size: 1073741824 Address: 0x00000007c0000000

Heap:
 PSYoungGen      total 75776K, used 1300K [0x000000076bb00000, 0x0000000770f80000, 0x00000007c0000000)
  eden space 65024K, 2% used [0x000000076bb00000,0x000000076bc451f8,0x000000076fa80000)
  from space 10752K, 0% used [0x0000000770500000,0x0000000770500000,0x0000000770f80000)
  to   space 10752K, 0% used [0x000000076fa80000,0x000000076fa80000,0x0000000770500000)
 ParOldGen       total 173568K, used 0K [0x00000006c3000000, 0x00000006cd980000, 0x000000076bb00000)
  object space 173568K, 0% used [0x00000006c3000000,0x00000006c3000000,0x00000006cd980000)
 Metaspace       used 782K, capacity 4480K, committed 4480K, reserved 1056768K
  class space    used 76K, capacity 384K, committed 384K, reserved 1048576K

Card table byte_map: [0x0000028f589f0000,0x0000028f591e0000] byte_map_base: 0x0000028f553d8000

Marking Bits: (ParMarkBitMap*) 0x000000005ebc7860
 Begin Bits: [0x0000028f59730000, 0x0000028f5d670000)
 End Bits:   [0x0000028f5d670000, 0x0000028f615b0000)

Polling page: 0x0000028f47d50000

CodeCache: size=245760Kb used=328Kb max_used=328Kb free=245431Kb
 bounds [0x0000028f49630000, 0x0000028f498a0000, 0x0000028f58630000]
 total_blobs=57 nmethods=0 adapters=38
 compilation: enabled

Compilation events (0 events):
No events

GC Heap History (0 events):
No events

Deoptimization events (0 events):
No events

Classes redefined (0 events):
No events

Internal exceptions (0 events):
No events

Events (10 events):
Event: 0.054 loading class java/lang/Short
Event: 0.054 loading class java/lang/Short done
Event: 0.054 loading class java/lang/Integer
Event: 0.054 loading class java/lang/Integer done
Event: 0.054 loading class java/lang/Long
Event: 0.055 loading class java/lang/Long done
Event: 0.056 loading class java/lang/NullPointerException
Event: 0.056 loading class java/lang/NullPointerException done
Event: 0.056 loading class java/lang/ArithmeticException
Event: 0.056 loading class java/lang/ArithmeticException done


Dynamic libraries:
0x00007ff743d00000 - 0x00007ff743d3a000 	C:\Users\Alvian_N353\.jdks\corretto-1.8.0_322\bin\java.exe
0x00007ffb00aa0000 - 0x00007ffb00ca9000 	C:\WINDOWS\SYSTEM32\ntdll.dll
0x00007ffaffac0000 - 0x00007ffaffb7d000 	C:\WINDOWS\System32\KERNEL32.DLL
0x00007ffafdf90000 - 0x00007ffafe304000 	C:\WINDOWS\System32\KERNELBASE.dll
0x00007ffb009b0000 - 0x00007ffb00a5e000 	C:\WINDOWS\System32\ADVAPI32.dll
0x00007ffb00720000 - 0x00007ffb007c3000 	C:\WINDOWS\System32\msvcrt.dll
0x00007ffaff7a0000 - 0x00007ffaff83e000 	C:\WINDOWS\System32\sechost.dll
0x00007ffb007d0000 - 0x00007ffb008f0000 	C:\WINDOWS\System32\RPCRT4.dll
0x00007ffafeb00000 - 0x00007ffafecac000 	C:\WINDOWS\System32\USER32.dll
0x00007ffafe550000 - 0x00007ffafe576000 	C:\WINDOWS\System32\win32u.dll
0x00007ffafff30000 - 0x00007ffafff59000 	C:\WINDOWS\System32\GDI32.dll
0x00007ffafe390000 - 0x00007ffafe4a2000 	C:\WINDOWS\System32\gdi32full.dll
0x00007ffafe4b0000 - 0x00007ffafe54d000 	C:\WINDOWS\System32\msvcp_win.dll
0x00007ffafe820000 - 0x00007ffafe931000 	C:\WINDOWS\System32\ucrtbase.dll
0x00007ffae2330000 - 0x00007ffae25d5000 	C:\WINDOWS\WinSxS\amd64_microsoft.windows.common-controls_6595b64144ccf1df_6.0.22000.120_none_9d947278b86cc467\COMCTL32.dll
0x00007ffb00970000 - 0x00007ffb009a1000 	C:\WINDOWS\System32\IMM32.DLL
0x00007ffab8ec0000 - 0x00007ffab8faf000 	C:\Users\Alvian_N353\.jdks\corretto-1.8.0_322\jre\bin\msvcr120.dll
0x00007ffac0a60000 - 0x00007ffac0b06000 	C:\Users\Alvian_N353\.jdks\corretto-1.8.0_322\jre\bin\msvcp120.dll
0x000000005e3d0000 - 0x000000005ec46000 	C:\Users\Alvian_N353\.jdks\corretto-1.8.0_322\jre\bin\server\jvm.dll
0x00007ffaffab0000 - 0x00007ffaffab8000 	C:\WINDOWS\System32\PSAPI.DLL
0x00007ffaf5320000 - 0x00007ffaf532a000 	C:\WINDOWS\SYSTEM32\VERSION.dll
0x00007ffaf6170000 - 0x00007ffaf61a3000 	C:\WINDOWS\SYSTEM32\WINMM.dll
0x00007ffafacc0000 - 0x00007ffafacc9000 	C:\WINDOWS\SYSTEM32\WSOCK32.dll
0x00007ffaffb80000 - 0x00007ffaffbef000 	C:\WINDOWS\System32\WS2_32.dll
0x00007ffae6a10000 - 0x00007ffae6a1f000 	C:\Users\Alvian_N353\.jdks\corretto-1.8.0_322\jre\bin\verify.dll
0x00007ffadac90000 - 0x00007ffadacb9000 	C:\Users\Alvian_N353\.jdks\corretto-1.8.0_322\jre\bin\java.dll
0x00007ffae10d0000 - 0x00007ffae10fa000 	C:\Users\Alvian_N353\.jdks\corretto-1.8.0_322\jre\bin\instrument.dll
0x00007ffad7b90000 - 0x00007ffad7ba6000 	C:\Users\Alvian_N353\.jdks\corretto-1.8.0_322\jre\bin\zip.dll

VM Arguments:
jvm_args: -ea -Didea.test.cyclic.buffer.size=1048576 -javaagent:C:\Program Files\JetBrains\IntelliJ IDEA Community Edition 2021.3.2\lib\idea_rt.jar=63570:C:\Program Files\JetBrains\IntelliJ IDEA Community Edition 2021.3.2\bin -Dfile.encoding=UTF-8 
java_command: com.intellij.rt.junit.JUnitStarter -ideVersion5 -junit5 exercise2.model.ItemTest,getStock
java_class_path (initial): C:\Users\Alvian_N353\.m2\repository\org\junit\platform\junit-platform-launcher\1.8.2\junit-platform-launcher-1.8.2.jar;C:\Users\Alvian_N353\.m2\repository\org\junit\platform\junit-platform-engine\1.8.2\junit-platform-engine-1.8.2.jar;C:\Users\Alvian_N353\.m2\repository\org\junit\jupiter\junit-jupiter-engine\5.8.2\junit-jupiter-engine-5.8.2.jar;C:\Program Files\JetBrains\IntelliJ IDEA Community Edition 2021.3.2\lib\idea_rt.jar;C:\Program Files\JetBrains\IntelliJ IDEA Community Edition 2021.3.2\plugins\junit\lib\junit5-rt.jar;C:\Program Files\JetBrains\IntelliJ IDEA Community Edition 2021.3.2\plugins\junit\lib\junit-rt.jar;C:\Users\Alvian_N353\.jdks\corretto-1.8.0_322\jre\lib\charsets.jar;C:\Users\Alvian_N353\.jdks\corretto-1.8.0_322\jre\lib\ext\access-bridge-64.jar;C:\Users\Alvian_N353\.jdks\corretto-1.8.0_322\jre\lib\ext\cldrdata.jar;C:\Users\Alvian_N353\.jdks\corretto-1.8.0_322\jre\lib\ext\dnsns.jar;C:\Users\Alvian_N353\.jdks\corretto-1.8.0_322\jre\lib\ext\jaccess.jar;C:\Users\Alvian_N353\.jdks\corretto-1.8.0_322\jre\lib\ext\jfxrt.jar;C:\Users\Alvian_N353\.jdks\corretto-1.8.0_322\jre\lib\ext\localedata.jar;C:\Users\Alvian_N353\.jdks\corretto-1.8.0_322\jre\lib\ext\nashorn.jar;C:\Users\Alvian_N353\.jdks\corretto-1.8.0_322\jre\lib\ext\sunec.jar;C:\Users\Alvian_N353\.jdks\corretto-1.8.0_322\jre\lib\ext\sunjce_provider.jar;C:\Users\Alvian_N353\.jdks\corretto-1.8.0_322\jre\lib\ext\sunmscapi.jar;C:\Users\Alvian_N353\.jdks\corretto-1.8.0_322\jre\lib\ext\sunpkcs11.jar;C:\Users\Alvian_N353\.jdks\corretto-1.8.0_322\jre\lib\ext\zipfs.jar;C:\Users\Alvian_N353\.jdks\corretto-1.8.0_322\jre\lib\jce.jar;C:\Users\Alvian_N353\.jdks\corretto-1.8.0_322\jre\lib\jfr.jar;C:\Users\Alvian_N353\.jdks\corretto-1.8.0_322\jre\lib\jfxswt.jar;C:\Users\Alvian_N353\.jdks\corretto-1.8.0_322\jre\lib\jsse.jar;C:\Users\Alvian_N353\.jdks\corretto-1.8.0_322\jre\lib\management-agent.jar;C:\Users\Alvian_N353\.jdks\corretto-1.8.0_322\jre\lib\resources.jar;C:\Users\Alvian_N353\.j
Launcher Type: SUN_STANDARD

Environment Variables:
PATH=C:\Program Files\Common Files\Oracle\Java\javapath;C:\WINDOWS\system32;C:\WINDOWS;C:\WINDOWS\System32\Wbem;C:\WINDOWS\System32\WindowsPowerShell\v1.0\;C:\WINDOWS\System32\OpenSSH\;C:\Program Files\WireGuard\;C:\Program Files\Git\cmd;C:\Program Files\nodejs\;C:\Program Files\dotnet\;C:\Users\Alvian_N353\AppData\Local\Microsoft\WindowsApps;C:\Users\Alvian_N353\AppData\Roaming\npm;C:\Users\Alvian_N353\AppData\Local\Programs\Microsoft VS Code\bin;C:\Users\Alvian_N353\.dotnet\tools
USERNAME=Alvian_N353
OS=Windows_NT
PROCESSOR_IDENTIFIER=Intel64 Family 6 Model 142 Stepping 12, GenuineIntel



---------------  S Y S T E M  ---------------

OS: Windows 10.0 , 64 bit Build 22000 (10.0.22000.434)

CPU:total 8 (initial active 8) (4 cores per cpu, 2 threads per core) family 6 model 142 stepping 12, cmov, cx8, fxsr, mmx, sse, sse2, sse3, ssse3, sse4.1, sse4.2, popcnt, avx, avx2, aes, clmul, erms, 3dnowpref, lzcnt, ht, tsc, tscinvbit, bmi1, bmi2, adx

Memory: 4k page, physical 16578848k(6108380k free), swap 48531464k(6112k free)

vm_info: OpenJDK 64-Bit Server VM (25.322-b06) for windows-amd64 JRE (1.8.0_322-b06), built on Jan 13 2022 23:37:51 by "Administrator" with MS VC++ 12.0 (VS2013)

time: Wed Mar 02 10:59:30 2022
timezone: SE Asia Standard Time
elapsed time: 0.072465 seconds (0d 0h 0m 0s)

